[   0.00s] [Logger] Symulacja SOR startuje
[   0.69s] [Manager] Symulacja rozpoczyna pracę
[   0.73s] [Manager] Parametry: N=20, K=10, duration=20
[   0.75s] [Manager] Director uruchomiony (PID=8231)
[   0.76s] [Manager] Okienko rejestracji 1 uruchomione (PID=8232)
[   0.76s] [Manager] Kontroler rejestracji uruchomiony (PID=8233)
[   0.77s] [Manager] Lekarz POZ (triaż) uruchomiony (PID=8234)
[   0.77s] [Manager] Lekarz kardiolog uruchomiony (PID=8235)
[   0.78s] [Manager] Lekarz neurolog uruchomiony (PID=8236)
[   0.78s] [Manager] Lekarz okulista uruchomiony (PID=8237)
[   0.79s] [Manager] Lekarz laryngolog uruchomiony (PID=8238)
[   0.79s] [Manager] Lekarz chirurg uruchomiony (PID=8239)
[   0.80s] [Director] Dyrektor rozpoczyna pracę
[   0.81s] [Manager] Lekarz pediatra uruchomiony (PID=8240)
[   0.81s] [Manager] Generator pacjentów uruchomiony (PID=8241)
[   0.82s] Okienko rejestracji 1 rozpoczyna pracę
[   0.83s] Lekarz neurolog rozpoczyna pracę
[   0.84s] Lekarz okulista rozpoczyna pracę
[   0.84s] Lekarz pediatra rozpoczyna pracę
[   0.85s] Lekarz POZ (triaż) rozpoczyna pracę
[   0.85s] Lekarz chirurg rozpoczyna pracę
[   0.86s] [RegCtrl] Kontroler rejestracji startuje (K=10)
[   0.86s] Lekarz kardiolog rozpoczyna pracę
[   0.87s] Lekarz laryngolog rozpoczyna pracę
[   0.87s] [Generator] Generator pacjentów startuje
[   0.88s] Pacjent 1 pojawia się przed SOR (wiek 21)
[   0.88s] Pacjent 1 wchodzi do budynku
[   0.89s] Pacjent 1 dołącza do kolejki rejestracji
[   0.90s] Pacjent 1 podchodzi do okienka rejestracji 1
[   0.97s] Pacjent 2 pojawia się przed SOR (wiek 22)
[   0.97s] Pacjent 2 wchodzi do budynku
[   0.98s] Pacjent 2 dołącza do kolejki rejestracji
[   0.99s] Pacjent 1 przekazany do triażu, czeka na lekarza POZ
[   0.99s] Pacjent 2 podchodzi do okienka rejestracji 1
[   1.00s] Pacjent 1 jest weryfikowany przez lekarza POZ
[   1.09s] Pacjent 1 uzyskuje status [czerwony] — kierowany do lekarza: laryngolog
[   1.10s] Pacjent 1 czeka na lekarza: laryngolog (kolor: czerwony)
[   1.11s] Pacjent 3 pojawia się przed SOR (wiek 23)
[   1.13s] Pacjent 3 wchodzi do budynku
[   1.14s] Pacjent 3 dołącza do kolejki rejestracji
[   1.16s] Lekarz laryngolog rozpoczyna badanie - Pacjent 1
[   1.17s] Pacjent 2 przekazany do triażu, czeka na lekarza POZ
[   1.18s] Pacjent 3 podchodzi do okienka rejestracji 1
[   1.19s] Pacjent 2 jest weryfikowany przez lekarza POZ
[   1.35s] Pacjent 4 pojawia się przed SOR (wiek 24)
[   1.36s] Pacjent 4 wchodzi do budynku
[   1.38s] Pacjent 4 dołącza do kolejki rejestracji
[   1.39s] Pacjent 2 uzyskuje status [zielony] — kierowany do lekarza: pediatra
[   1.39s] Pacjent 2 czeka na lekarza: pediatra (kolor: zielony)
[   1.41s] Lekarz pediatra rozpoczyna badanie - Pacjent 2
[   1.44s] Pacjent 3 przekazany do triażu, czeka na lekarza POZ
[   1.45s] Pacjent 4 podchodzi do okienka rejestracji 1
[   1.46s] Pacjent 3 jest weryfikowany przez lekarza POZ
[   1.53s] Pacjent 5 pojawia się przed SOR (wiek 25)
[   1.55s] Pacjent 5 wchodzi do budynku
[   1.56s] Pacjent 5 (VIP) omija kolejkę rejestracji
[   1.59s] Pacjent 4 przekazany do triażu, czeka na lekarza POZ
[   1.60s] Pacjent 5 podchodzi do okienka rejestracji 1
[   1.62s] Lekarz laryngolog kończy badanie - Pacjent 1 - wynik: oddział
[   1.65s] Pacjent 3 uzyskuje status [zielony] — kierowany do lekarza: pediatra
[   1.66s] Pacjent 3 czeka na lekarza: pediatra (kolor: zielony)
[   1.66s] Pacjent 4 jest weryfikowany przez lekarza POZ
[   1.75s] Pacjent 6 pojawia się przed SOR (wiek 26)
[   1.76s] Pacjent 6 wchodzi do budynku
[   1.77s] Pacjent 6 dołącza do kolejki rejestracji
[   1.79s] Pacjent 4 uzyskuje status [żółty] — kierowany do lekarza: laryngolog
[   1.80s] Pacjent 4 czeka na lekarza: laryngolog (kolor: żółty)
[   1.83s] Lekarz laryngolog rozpoczyna badanie - Pacjent 4
[   1.92s] Pacjent 5 przekazany do triażu, czeka na lekarza POZ
[   1.93s] Pacjent 6 podchodzi do okienka rejestracji 1
[   1.94s] Pacjent 5 jest weryfikowany przez lekarza POZ
[   2.00s] Pacjent 7 pojawia się przed SOR (wiek 27)
[   2.01s] Pacjent 7 wchodzi do budynku
[   2.02s] Pacjent 7 dołącza do kolejki rejestracji
[   2.03s] Lekarz pediatra kończy badanie - Pacjent 2 - wynik: wypis
[   2.04s] Lekarz pediatra rozpoczyna badanie - Pacjent 3
[   2.12s] Pacjent 5 uzyskuje status [zielony] — kierowany do lekarza: chirurg
[   2.13s] Pacjent 5 czeka na lekarza: chirurg (kolor: zielony)
[   2.15s] Lekarz chirurg rozpoczyna badanie - Pacjent 5
[   2.16s] Pacjent 6 przekazany do triażu, czeka na lekarza POZ
[   2.17s] Pacjent 7 podchodzi do okienka rejestracji 1
[   2.18s] Pacjent 6 jest weryfikowany przez lekarza POZ
[   2.19s] Pacjent 8 pojawia się przed SOR (wiek 28)
[   2.19s] Pacjent 8 wchodzi do budynku
[   2.20s] Pacjent 8 dołącza do kolejki rejestracji
[   2.32s] Pacjent 9 pojawia się przed SOR (wiek 29)
[   2.32s] Pacjent 9 wchodzi do budynku
[   2.33s] Pacjent 9 dołącza do kolejki rejestracji
[   2.38s] Pacjent 6 uzyskuje status [zielony] — kierowany do lekarza: neurolog
[   2.39s] Pacjent 6 czeka na lekarza: neurolog (kolor: zielony)
[   2.39s] Pacjent 7 przekazany do triażu, czeka na lekarza POZ
[   2.40s] Pacjent 8 podchodzi do okienka rejestracji 1
[   2.41s] Pacjent 7 jest weryfikowany przez lekarza POZ
[   2.42s] Lekarz neurolog rozpoczyna badanie - Pacjent 6
[   2.45s] Lekarz chirurg kończy badanie - Pacjent 5 - wynik: wypis
[   2.52s] Lekarz pediatra kończy badanie - Pacjent 3 - wynik: wypis
[   2.53s] Pacjent 10 pojawia się przed SOR (wiek 30)
[   2.54s] Pacjent 10 wchodzi do budynku
[   2.56s] Pacjent 10 (VIP) omija kolejkę rejestracji
[   2.57s] Lekarz laryngolog kończy badanie - Pacjent 4 - wynik: wypis
[   2.58s] Pacjent 7 uzyskuje status [zielony] — kierowany do lekarza: okulista
[   2.59s] Pacjent 7 czeka na lekarza: okulista (kolor: zielony)
[   2.59s] Lekarz okulista rozpoczyna badanie - Pacjent 7
[   2.67s] Pacjent 8 przekazany do triażu, czeka na lekarza POZ
[   2.68s] Pacjent 10 podchodzi do okienka rejestracji 1
[   2.68s] Pacjent 8 jest weryfikowany przez lekarza POZ
[   2.72s] Pacjent 11 pojawia się przed SOR (wiek 31)
[   2.72s] Pacjent 11 wchodzi do budynku
[   2.73s] Pacjent 11 dołącza do kolejki rejestracji
[   2.87s] Pacjent 12 pojawia się przed SOR (wiek 32)
[   2.89s] Pacjent 12 wchodzi do budynku
[   2.90s] Pacjent 12 dołącza do kolejki rejestracji
[   2.91s] Pacjent 8 uzyskuje status [żółty] — kierowany do lekarza: neurolog
[   2.93s] Pacjent 8 czeka na lekarza: neurolog (kolor: żółty)
[   2.94s] Pacjent 10 przekazany do triażu, czeka na lekarza POZ
[   2.94s] Pacjent 9 podchodzi do okienka rejestracji 1
[   2.95s] Pacjent 10 jest weryfikowany przez lekarza POZ
[   3.06s] Pacjent 9 przekazany do triażu, czeka na lekarza POZ
[   3.07s] Pacjent 11 podchodzi do okienka rejestracji 1
[   3.07s] Pacjent 13 pojawia się przed SOR (wiek 33)
[   3.08s] Pacjent 13 wchodzi do budynku
[   3.09s] Pacjent 13 dołącza do kolejki rejestracji
[   3.13s] Lekarz neurolog kończy badanie - Pacjent 6 - wynik: wypis
[   3.13s] Lekarz neurolog rozpoczyna badanie - Pacjent 8
[   3.17s] Pacjent 10 uzyskuje status [zielony] — kierowany do lekarza: laryngolog
[   3.18s] Pacjent 10 czeka na lekarza: laryngolog (kolor: zielony)
[   3.19s] Pacjent 9 jest weryfikowany przez lekarza POZ
[   3.21s] Lekarz laryngolog rozpoczyna badanie - Pacjent 10
[   3.26s] Pacjent 14 pojawia się przed SOR (wiek 34)
[   3.27s] Pacjent 14 wchodzi do budynku
[   3.29s] Pacjent 14 dołącza do kolejki rejestracji
[   3.31s] Pacjent 11 przekazany do triażu, czeka na lekarza POZ
[   3.32s] Pacjent 12 podchodzi do okienka rejestracji 1
[   3.33s] Pacjent 9 uzyskuje status [żółty] — kierowany do lekarza: kardiolog
[   3.35s] Pacjent 9 czeka na lekarza: kardiolog (kolor: żółty)
[   3.36s] Pacjent 11 jest weryfikowany przez lekarza POZ
[   3.37s] Lekarz kardiolog rozpoczyna badanie - Pacjent 9
[   3.47s] Dziecko 15 pojawia się przed SOR (wiek 11, z opiekunem)
[   3.48s] Dziecko 15 przychodzi z opiekunem (zajmuje 2 miejsca)
[   3.49s] Dziecko 15 wchodzi do budynku
[   3.50s] Dziecko 15 (VIP) omija kolejkę rejestracji
[   3.50s] Lekarz okulista kończy badanie - Pacjent 7 - wynik: wypis
[   3.52s] Pacjent 11 uzyskuje status [zielony] — kierowany do lekarza: pediatra
[   3.53s] Pacjent 11 czeka na lekarza: pediatra (kolor: zielony)
[   3.54s] Lekarz pediatra rozpoczyna badanie - Pacjent 11
[   3.61s] Pacjent 12 przekazany do triażu, czeka na lekarza POZ
[   3.63s] Dziecko 15 podchodzi do okienka rejestracji 1
[   3.64s] Pacjent 12 jest weryfikowany przez lekarza POZ
[   3.65s] Pacjent 16 pojawia się przed SOR (wiek 36)
[   3.66s] Pacjent 16 wchodzi do budynku
[   3.67s] Pacjent 16 dołącza do kolejki rejestracji
[   3.69s] Lekarz neurolog kończy badanie - Pacjent 8 - wynik: wypis
[   3.76s] Lekarz kardiolog kończy badanie - Pacjent 9 - wynik: wypis
[   3.79s] Pacjent 17 pojawia się przed SOR (wiek 37)
[   3.80s] Pacjent 17 wchodzi do budynku
[   3.81s] Pacjent 17 dołącza do kolejki rejestracji
[   3.82s] Lekarz laryngolog kończy badanie - Pacjent 10 - wynik: wypis
[   3.85s] Pacjent 12 uzyskuje status [żółty] — kierowany do lekarza: chirurg
[   3.87s] Pacjent 12 czeka na lekarza: chirurg (kolor: żółty)
[   3.88s] Lekarz chirurg rozpoczyna badanie - Pacjent 12
[   3.92s] Dziecko 15 przekazany do triażu, czeka na lekarza POZ
[   3.93s] Dziecko 15 jest weryfikowany przez lekarza POZ
[   3.95s] Pacjent 13 podchodzi do okienka rejestracji 1
[   4.04s] Pacjent 18 pojawia się przed SOR (wiek 38)
[   4.04s] Pacjent 18 wchodzi do budynku
[   4.05s] Pacjent 18 dołącza do kolejki rejestracji
[   4.06s] Lekarz pediatra kończy badanie - Pacjent 11 - wynik: wypis
[   4.14s] Dziecko 15 uzyskuje status [żółty] — kierowany do lekarza: laryngolog
[   4.16s] Dziecko 15 czeka na lekarza: laryngolog (kolor: żółty)
[   4.17s] Pacjent 13 przekazany do triażu, czeka na lekarza POZ
[   4.18s] Pacjent 14 podchodzi do okienka rejestracji 1
[   4.19s] Pacjent 13 jest weryfikowany przez lekarza POZ
[   4.20s] Lekarz laryngolog rozpoczyna badanie - Dziecko 15
[   4.23s] Pacjent 19 pojawia się przed SOR (wiek 39)
[   4.24s] Pacjent 19 wchodzi do budynku
[   4.27s] Pacjent 19 dołącza do kolejki rejestracji
[   4.32s] Pacjent 13 uzyskuje status [czerwony] — kierowany do lekarza: laryngolog
[   4.33s] Pacjent 13 czeka na lekarza: laryngolog (kolor: czerwony)
[   4.39s] Lekarz chirurg kończy badanie - Pacjent 12 - wynik: wypis
[   4.40s] Dziecko 20 pojawia się przed SOR (wiek 13, z opiekunem)
[   4.41s] Dziecko 20 przychodzi z opiekunem (zajmuje 2 miejsca)
[   4.41s] Dziecko 20 wchodzi do budynku
[   4.42s] Dziecko 20 (VIP) omija kolejkę rejestracji
[   4.47s] Pacjent 14 przekazany do triażu, czeka na lekarza POZ
[   4.48s] Dziecko 20 podchodzi do okienka rejestracji 1
[   4.49s] Pacjent 14 jest weryfikowany przez lekarza POZ
[   4.65s] Pacjent 21 pojawia się przed SOR (wiek 41)
[   4.66s] Pacjent 21 wchodzi do budynku
[   4.67s] Pacjent 21 dołącza do kolejki rejestracji
[   4.67s] Pacjent 14 uzyskuje status [żółty] — kierowany do lekarza: kardiolog
[   4.68s] Pacjent 14 czeka na lekarza: kardiolog (kolor: żółty)
[   4.68s] Dziecko 20 przekazany do triażu, czeka na lekarza POZ
[   4.69s] Pacjent 16 podchodzi do okienka rejestracji 1
[   4.69s] Dziecko 20 jest weryfikowany przez lekarza POZ
[   4.70s] Lekarz kardiolog rozpoczyna badanie - Pacjent 14
[   4.87s] Pacjent 22 pojawia się przed SOR (wiek 42)
[   4.88s] Pacjent 22 wchodzi do budynku
[   4.88s] Pacjent 22 dołącza do kolejki rejestracji
[   4.93s] Pacjent 16 przekazany do triażu, czeka na lekarza POZ
[   4.93s] Pacjent 17 podchodzi do okienka rejestracji 1
[   4.94s] Dziecko 20 uzyskuje status [zielony] — kierowany do lekarza: chirurg
[   4.95s] Dziecko 20 czeka na lekarza: chirurg (kolor: zielony)
[   4.96s] Pacjent 16 jest weryfikowany przez lekarza POZ
[   4.96s] [Manager] Czas symulacji skończył się — zarządzam normalne zamknięciem SOR
[   4.97s] [Director] EWAKUACJA! Dyrektor zarządza opuszczenie budynku
[   4.98s] Pacjent 16 uzyskuje status [zielony] — kierowany do lekarza: neurolog
[   4.98s] Pacjent 16 czeka na lekarza: neurolog (kolor: zielony)
[   4.99s] Lekarz chirurg rozpoczyna badanie - Dziecko 20
[   4.99s] Pacjent 17 przekazany do triażu, czeka na lekarza POZ
[   5.00s] Lekarz neurolog rozpoczyna badanie - Pacjent 16
